<?xml version="1.0" encoding="UTF-8"?>
<!-- Generated by org.testng.reporters.JUnitReportReporter -->
<testsuite hostname="Sivakumars-MBP.home" name="com.sscs.testng.ProjCertTest" tests="1" failures="0" timestamp="9 Jul 2019 18:17:51 GMT" time="2.591" errors="0">
  <testcase name="verifyTitle" time="2.591" classname="com.sscs.testng.ProjCertTest"/>
</testsuite> <!-- com.sscs.testng.ProjCertTest -->
